Using pre-set license
Built from '2020.2/release' branch; Version is '2020.2.1f1 (270dd8c3da1c) revision 2559448'; Using compiler version '192528614'; Build Type 'Release'
OS: 'Windows 10  (10.0.0) 64bit' Language: 'en' Physical Memory: 16257 MB
BatchMode: 1, IsHumanControllingUs: 0, StartBugReporterOnCrash: 0, Is64bit: 1, IsPro: 0

 COMMAND LINE ARGUMENTS:
C:\Program Files\Unity\Hub\Editor\2020.2.1f1\Editor\Unity.exe
-adb2
-batchMode
-noUpm
-name
AssetImportWorker0
-projectPath
C:/Users/crunc/Desktop/ClassDemonstrations/Tutorial 1.5
-logFile
Logs/AssetImportWorker0.log
-srvPort
60325
Successfully changed project path to: C:/Users/crunc/Desktop/ClassDemonstrations/Tutorial 1.5
C:/Users/crunc/Desktop/ClassDemonstrations/Tutorial 1.5
Using Asset Import Pipeline V2.
Refreshing native plugins compatible for Editor in 54.43 ms, found 1 plugins.
Preloading 0 native plugins for Editor in 0.00 ms.
Initialize engine version: 2020.2.1f1 (270dd8c3da1c)
[Subsystems] Discovering subsystems at path C:/Program Files/Unity/Hub/Editor/2020.2.1f1/Editor/Data/Resources/UnitySubsystems
[Subsystems] Discovering subsystems at path C:/Users/crunc/Desktop/ClassDemonstrations/Tutorial 1.5/Assets
GfxDevice: creating device client; threaded=0
Direct3D:
    Version:  Direct3D 11.0 [level 11.1]
    Renderer: NVIDIA GeForce GTX 1060 (ID=0x1c20)
    Vendor:   
    VRAM:     6052 MB
    Driver:   27.21.14.5148
Initialize mono
Mono path[0] = 'C:/Program Files/Unity/Hub/Editor/2020.2.1f1/Editor/Data/Managed'
Mono path[1] = 'C:/Program Files/Unity/Hub/Editor/2020.2.1f1/Editor/Data/MonoBleedingEdge/lib/mono/unityjit'
Mono config path = 'C:/Program Files/Unity/Hub/Editor/2020.2.1f1/Editor/Data/MonoBleedingEdge/etc'
Using monoOptions --debugger-agent=transport=dt_socket,embedding=1,server=y,suspend=n,address=127.0.0.1:56844
Begin MonoManager ReloadAssembly
Registering precompiled unity dll's ...
Register platform support module: C:/Program Files/Unity/Hub/Editor/2020.2.1f1/Editor/Data/PlaybackEngines/WindowsStandaloneSupport/UnityEditor.WindowsStandalone.Extensions.dll
Registered in 0.003710 seconds.
Native extension for WindowsStandalone target not found
Refreshing native plugins compatible for Editor in 64.57 ms, found 1 plugins.
Preloading 0 native plugins for Editor in 0.00 ms.
Invoked RoslynAnalysisRunner static constructor.
RoslynAnalysisRunner will not be running.
RoslynAnalysisRunner has terminated.
Mono: successfully reloaded assembly
- Completed reload, in  3.385 seconds
Platform modules already initialized, skipping
Registering precompiled user dll's ...
Registered in 0.003066 seconds.
Begin MonoManager ReloadAssembly
Native extension for WindowsStandalone target not found
Refreshing native plugins compatible for Editor in 46.07 ms, found 1 plugins.
Preloading 0 native plugins for Editor in 0.00 ms.
Invoked RoslynAnalysisRunner static constructor.
RoslynAnalysisRunner will not be running.
RoslynAnalysisRunner has terminated.
Mono: successfully reloaded assembly
- Completed reload, in  2.145 seconds
Platform modules already initialized, skipping
========================================================================
Worker process is ready to serve import requests
Launched and connected shader compiler UnityShaderCompiler.exe after 0.05 seconds
Refreshing native plugins compatible for Editor in 1.02 ms, found 1 plugins.
Preloading 0 native plugins for Editor in 0.00 ms.
Unloading 1787 Unused Serialized files (Serialized files now loaded: 0)
System memory in use before: 83.5 MB.
System memory in use after: 83.5 MB.

Unloading 24 unused Assets to reduce memory usage. Loaded Objects now: 2226.
Total: 4.055400 ms (FindLiveObjects: 0.464200 ms CreateObjectMapping: 0.233100 ms MarkObjects: 3.181500 ms  DeleteObjects: 0.174100 ms)

========================================================================
Received Import Request.
  path: Assets/horror ambient.wav
  artifactKey: Guid(774866b5691c6484882319a06857057f) Importer(815301076,1909f56bfc062723c751e8b465ee728b)
Start importing Assets/horror ambient.wav using Guid(774866b5691c6484882319a06857057f) Importer(815301076,1909f56bfc062723c751e8b465ee728b)  -> (artifact id: 'a4bd1a5219b4f03ccf041f4080433500') in 0.221260 seconds
  Import took 0.225503 seconds .

========================================================================
Received Import Request.
  Time since last request: 0.000332 seconds.
  path: Assets/foom_0.wav
  artifactKey: Guid(1578291a691977d4ca8d3d83dedb732f) Importer(815301076,1909f56bfc062723c751e8b465ee728b)
Start importing Assets/foom_0.wav using Guid(1578291a691977d4ca8d3d83dedb732f) Importer(815301076,1909f56bfc062723c751e8b465ee728b)  -> (artifact id: '6ca128f9d9e8c67746a948d4ad9c08a3') in 0.014658 seconds
  Import took 0.019992 seconds .

========================================================================
Received Prepare
Registering precompiled user dll's ...
Registered in 0.002136 seconds.
Begin MonoManager ReloadAssembly
Native extension for WindowsStandalone target not found
Refreshing native plugins compatible for Editor in 0.69 ms, found 1 plugins.
Preloading 0 native plugins for Editor in 0.00 ms.
Invoked RoslynAnalysisRunner static constructor.
RoslynAnalysisRunner will not be running.
RoslynAnalysisRunner has terminated.
Mono: successfully reloaded assembly
- Completed reload, in  1.688 seconds
Platform modules already initialized, skipping
Refreshing native plugins compatible for Editor in 1.03 ms, found 1 plugins.
Preloading 0 native plugins for Editor in 0.00 ms.
Unloading 1783 Unused Serialized files (Serialized files now loaded: 0)
System memory in use before: 86.7 MB.
System memory in use after: 86.7 MB.

Unloading 12 unused Assets to reduce memory usage. Loaded Objects now: 2239.
Total: 6.879400 ms (FindLiveObjects: 0.497800 ms CreateObjectMapping: 0.324500 ms MarkObjects: 5.741300 ms  DeleteObjects: 0.311900 ms)

========================================================================
Received Import Request.
  Time since last request: 98.601655 seconds.
  path: Assets/NewScript.cs
  artifactKey: Guid(2be2584a19ba60e46a028cc686502be3) Importer(815301076,1909f56bfc062723c751e8b465ee728b)
Start importing Assets/NewScript.cs using Guid(2be2584a19ba60e46a028cc686502be3) Importer(815301076,1909f56bfc062723c751e8b465ee728b)  -> (artifact id: '9b6cc41fa3f53dbe66b2350e5e9a8705') in 0.029979 seconds
  Import took 0.037404 seconds .

========================================================================
Received Prepare
Registering precompiled user dll's ...
Registered in 0.001764 seconds.
Begin MonoManager ReloadAssembly
Native extension for WindowsStandalone target not found
Refreshing native plugins compatible for Editor in 0.38 ms, found 1 plugins.
Preloading 0 native plugins for Editor in 0.00 ms.
Invoked RoslynAnalysisRunner static constructor.
RoslynAnalysisRunner will not be running.
RoslynAnalysisRunner has terminated.
Mono: successfully reloaded assembly
- Completed reload, in  2.158 seconds
Platform modules already initialized, skipping
Refreshing native plugins compatible for Editor in 0.71 ms, found 1 plugins.
Preloading 0 native plugins for Editor in 0.00 ms.
Unloading 1783 Unused Serialized files (Serialized files now loaded: 0)
System memory in use before: 86.8 MB.
System memory in use after: 86.8 MB.

Unloading 12 unused Assets to reduce memory usage. Loaded Objects now: 2242.
Total: 7.090800 ms (FindLiveObjects: 0.550600 ms CreateObjectMapping: 0.397900 ms MarkObjects: 5.820800 ms  DeleteObjects: 0.317100 ms)

========================================================================
Received Import Request.
  Time since last request: 855.107533 seconds.
  path: Assets/NewScript.cs
  artifactKey: Guid(2be2584a19ba60e46a028cc686502be3) Importer(815301076,1909f56bfc062723c751e8b465ee728b)
Start importing Assets/NewScript.cs using Guid(2be2584a19ba60e46a028cc686502be3) Importer(815301076,1909f56bfc062723c751e8b465ee728b)  -> (artifact id: 'b2b888751b879d91cc1e2f6035796160') in 0.014943 seconds
  Import took 0.023083 seconds .

========================================================================
Received Prepare
Registering precompiled user dll's ...
Registered in 0.001696 seconds.
Begin MonoManager ReloadAssembly
Native extension for WindowsStandalone target not found
Refreshing native plugins compatible for Editor in 0.66 ms, found 1 plugins.
Preloading 0 native plugins for Editor in 0.00 ms.
Invoked RoslynAnalysisRunner static constructor.
RoslynAnalysisRunner will not be running.
RoslynAnalysisRunner has terminated.
Mono: successfully reloaded assembly
- Completed reload, in  1.919 seconds
Platform modules already initialized, skipping
Refreshing native plugins compatible for Editor in 0.37 ms, found 1 plugins.
Preloading 0 native plugins for Editor in 0.00 ms.
Unloading 1783 Unused Serialized files (Serialized files now loaded: 0)
System memory in use before: 86.9 MB.
System memory in use after: 86.9 MB.

Unloading 12 unused Assets to reduce memory usage. Loaded Objects now: 2245.
Total: 2.615000 ms (FindLiveObjects: 0.275900 ms CreateObjectMapping: 0.077800 ms MarkObjects: 2.145800 ms  DeleteObjects: 0.114000 ms)

AssetImportWorkerClient::OnTransportError - code=2 error=End of file
